[0.235s] Invoking command in '/home/krzysiek/dev_ws/src/bieniek_gierulski/build/urdf_move': PYTHONPATH=/home/krzysiek/dev_ws/src/bieniek_gierulski/install/urdf_move/lib/python3.8/site-packages:${PYTHONPATH} /usr/bin/python3 setup.py develop --prefix /home/krzysiek/dev_ws/src/bieniek_gierulski/install/urdf_move --editable --build-directory /home/krzysiek/dev_ws/src/bieniek_gierulski/build/urdf_move/build --no-deps install_data --install-dir /home/krzysiek/dev_ws/src/bieniek_gierulski/install/urdf_move
[0.460s] running develop
[0.589s] running egg_info
[0.589s] writing urdf_move.egg-info/PKG-INFO
[0.589s] writing dependency_links to urdf_move.egg-info/dependency_links.txt
[0.590s] writing entry points to urdf_move.egg-info/entry_points.txt
[0.590s] writing requirements to urdf_move.egg-info/requires.txt
[0.590s] writing top-level names to urdf_move.egg-info/top_level.txt
[0.619s] reading manifest file 'urdf_move.egg-info/SOURCES.txt'
[0.620s] writing manifest file 'urdf_move.egg-info/SOURCES.txt'
[0.654s] running build_ext
[0.654s] Creating /home/krzysiek/dev_ws/src/bieniek_gierulski/install/urdf_move/lib/python3.8/site-packages/urdf-move.egg-link (link to .)
[0.655s] Installing state_publisher script to /home/krzysiek/dev_ws/src/bieniek_gierulski/install/urdf_move/lib/urdf_move
[0.655s] 
[0.655s] Installed /home/krzysiek/dev_ws/src/bieniek_gierulski/build/urdf_move
[0.656s] running install_data
[0.656s] copying launch/demo.launch.py -> /home/krzysiek/dev_ws/src/bieniek_gierulski/install/urdf_move/share/urdf_move
[0.656s] copying urdf/r2d2.urdf.xacro.xml -> /home/krzysiek/dev_ws/src/bieniek_gierulski/install/urdf_move/share/urdf_move
[0.656s] error: can't copy 'urdf/r2d2.urdf.xacro': doesn't exist or not a regular file
[0.682s] Invoked command in '/home/krzysiek/dev_ws/src/bieniek_gierulski/build/urdf_move' returned '1': PYTHONPATH=/home/krzysiek/dev_ws/src/bieniek_gierulski/install/urdf_move/lib/python3.8/site-packages:${PYTHONPATH} /usr/bin/python3 setup.py develop --prefix /home/krzysiek/dev_ws/src/bieniek_gierulski/install/urdf_move --editable --build-directory /home/krzysiek/dev_ws/src/bieniek_gierulski/build/urdf_move/build --no-deps install_data --install-dir /home/krzysiek/dev_ws/src/bieniek_gierulski/install/urdf_move
