[0.229s] Invoking command in '/home/krzysiek/dev_ws/src/bieniek_gierulski/turtle_controller': PYTHONPATH=/home/krzysiek/dev_ws/src/bieniek_gierulski/install/turtle_controller/lib/python3.8/site-packages:${PYTHONPATH} /usr/bin/python3 setup.py egg_info --egg-base ../build/turtle_controller build --build-base /home/krzysiek/dev_ws/src/bieniek_gierulski/build/turtle_controller/build install --prefix /home/krzysiek/dev_ws/src/bieniek_gierulski/install/turtle_controller --record /home/krzysiek/dev_ws/src/bieniek_gierulski/build/turtle_controller/install.log --single-version-externally-managed
[0.429s] running egg_info
[0.430s] writing ../build/turtle_controller/turtle_controller.egg-info/PKG-INFO
[0.430s] writing dependency_links to ../build/turtle_controller/turtle_controller.egg-info/dependency_links.txt
[0.430s] writing entry points to ../build/turtle_controller/turtle_controller.egg-info/entry_points.txt
[0.431s] writing requirements to ../build/turtle_controller/turtle_controller.egg-info/requires.txt
[0.431s] writing top-level names to ../build/turtle_controller/turtle_controller.egg-info/top_level.txt
[0.461s] reading manifest file '../build/turtle_controller/turtle_controller.egg-info/SOURCES.txt'
[0.462s] writing manifest file '../build/turtle_controller/turtle_controller.egg-info/SOURCES.txt'
[0.462s] running build
[0.462s] running build_py
[0.462s] copying turtle_controller/key_capturer.py -> /home/krzysiek/dev_ws/src/bieniek_gierulski/build/turtle_controller/build/lib/turtle_controller
[0.463s] running install
[0.463s] running install_lib
[0.464s] copying /home/krzysiek/dev_ws/src/bieniek_gierulski/build/turtle_controller/build/lib/turtle_controller/key_capturer.py -> /home/krzysiek/dev_ws/src/bieniek_gierulski/install/turtle_controller/lib/python3.8/site-packages/turtle_controller
[0.465s] byte-compiling /home/krzysiek/dev_ws/src/bieniek_gierulski/install/turtle_controller/lib/python3.8/site-packages/turtle_controller/key_capturer.py to key_capturer.cpython-38.pyc
[0.466s] running install_data
[0.466s] running install_egg_info
[0.468s] removing '/home/krzysiek/dev_ws/src/bieniek_gierulski/install/turtle_controller/lib/python3.8/site-packages/turtle_controller-0.0.0-py3.8.egg-info' (and everything under it)
[0.468s] Copying ../build/turtle_controller/turtle_controller.egg-info to /home/krzysiek/dev_ws/src/bieniek_gierulski/install/turtle_controller/lib/python3.8/site-packages/turtle_controller-0.0.0-py3.8.egg-info
[0.469s] running install_scripts
[0.485s] Installing controller script to /home/krzysiek/dev_ws/src/bieniek_gierulski/install/turtle_controller/lib/turtle_controller
[0.485s] writing list of installed files to '/home/krzysiek/dev_ws/src/bieniek_gierulski/build/turtle_controller/install.log'
[0.506s] Invoked command in '/home/krzysiek/dev_ws/src/bieniek_gierulski/turtle_controller' returned '0': PYTHONPATH=/home/krzysiek/dev_ws/src/bieniek_gierulski/install/turtle_controller/lib/python3.8/site-packages:${PYTHONPATH} /usr/bin/python3 setup.py egg_info --egg-base ../build/turtle_controller build --build-base /home/krzysiek/dev_ws/src/bieniek_gierulski/build/turtle_controller/build install --prefix /home/krzysiek/dev_ws/src/bieniek_gierulski/install/turtle_controller --record /home/krzysiek/dev_ws/src/bieniek_gierulski/build/turtle_controller/install.log --single-version-externally-managed
