[0.804s] DEBUG:colcon:Command line arguments: ['/usr/bin/colcon', 'build', '--packages-select', 'turtle_controller']
[0.804s] DEBUG:colcon:Parsed command line arguments: Namespace(ament_cmake_args=None, base_paths=['.'], build_base='build', catkin_cmake_args=None, catkin_skip_building_tests=False, cmake_args=None, cmake_clean_cache=False, cmake_clean_first=False, cmake_force_configure=False, cmake_target=None, cmake_target_skip_unavailable=False, continue_on_error=False, event_handlers=None, executor='parallel', ignore_user_meta=False, install_base='install', log_base=None, log_level=None, main=<bound method BuildVerb.main of <colcon_core.verb.build.BuildVerb object at 0x7eff69344820>>, merge_install=False, metas=['./colcon.meta'], packages_above=None, packages_above_and_dependencies=None, packages_above_depth=None, packages_end=None, packages_ignore=None, packages_ignore_regex=None, packages_select=['turtle_controller'], packages_select_build_failed=False, packages_select_by_dep=None, packages_select_regex=None, packages_select_test_failures=False, packages_skip=None, packages_skip_build_finished=False, packages_skip_by_dep=None, packages_skip_regex=None, packages_skip_test_passed=False, packages_skip_up_to=None, packages_start=None, packages_up_to=None, packages_up_to_regex=None, parallel_workers=4, paths=None, symlink_install=False, test_result_base=None, verb_extension=<colcon_core.verb.build.BuildVerb object at 0x7eff69344820>, verb_name='build', verb_parser=<colcon_defaults.argument_parser.defaults.DefaultArgumentsDecorator object at 0x7eff69344d90>)
[0.816s] Level 1:colcon.colcon_core.package_discovery:discover_packages(colcon_meta) check parameters
[0.816s] Level 1:colcon.colcon_core.package_discovery:discover_packages(recursive) check parameters
[0.816s] Level 1:colcon.colcon_core.package_discovery:discover_packages(ignore) check parameters
[0.816s] Level 1:colcon.colcon_core.package_discovery:discover_packages(path) check parameters
[0.816s] Level 1:colcon.colcon_core.package_discovery:discover_packages(colcon_meta) discover
[0.816s] Level 1:colcon.colcon_core.package_discovery:discover_packages(recursive) discover
[0.816s] INFO:colcon.colcon_core.package_discovery:Crawling recursively for packages in '/home/krzysiek/dev_ws/src/bieniek_gierulski/turtle_controller'
[0.816s] Level 1:colcon.colcon_core.package_identification:_identify(.) by extensions ['ignore', 'ignore_ament_install']
[0.816s] Level 1:colcon.colcon_core.package_identification:_identify(.) by extension 'ignore'
[0.816s] Level 1:colcon.colcon_core.package_identification:_identify(.) by extension 'ignore_ament_install'
[0.817s] Level 1:colcon.colcon_core.package_identification:_identify(.) by extensions ['colcon_pkg']
[0.817s] Level 1:colcon.colcon_core.package_identification:_identify(.) by extension 'colcon_pkg'
[0.817s] Level 1:colcon.colcon_core.package_identification:_identify(.) by extensions ['colcon_meta']
[0.817s] Level 1:colcon.colcon_core.package_identification:_identify(.) by extension 'colcon_meta'
[0.817s] Level 1:colcon.colcon_core.package_identification:_identify(.) by extensions ['ros']
[0.817s] Level 1:colcon.colcon_core.package_identification:_identify(.) by extension 'ros'
[0.835s] DEBUG:colcon.colcon_core.package_identification:Package '.' with type 'ros.ament_python' and name 'turtle_controller'
[0.835s] Level 1:colcon.colcon_core.package_discovery:discover_packages(recursive) using defaults
[0.835s] Level 1:colcon.colcon_core.package_discovery:discover_packages(ignore) discover
[0.835s] Level 1:colcon.colcon_core.package_discovery:discover_packages(ignore) using defaults
[0.835s] Level 1:colcon.colcon_core.package_discovery:discover_packages(path) discover
[0.835s] Level 1:colcon.colcon_core.package_discovery:discover_packages(path) using defaults
[0.908s] Level 5:colcon.colcon_core.verb:set package 'turtle_controller' build argument 'cmake_args' from command line to 'None'
[0.908s] Level 5:colcon.colcon_core.verb:set package 'turtle_controller' build argument 'cmake_target' from command line to 'None'
[0.908s] Level 5:colcon.colcon_core.verb:set package 'turtle_controller' build argument 'cmake_target_skip_unavailable' from command line to 'False'
[0.908s] Level 5:colcon.colcon_core.verb:set package 'turtle_controller' build argument 'cmake_clean_cache' from command line to 'False'
[0.908s] Level 5:colcon.colcon_core.verb:set package 'turtle_controller' build argument 'cmake_clean_first' from command line to 'False'
[0.908s] Level 5:colcon.colcon_core.verb:set package 'turtle_controller' build argument 'cmake_force_configure' from command line to 'False'
[0.908s] Level 5:colcon.colcon_core.verb:set package 'turtle_controller' build argument 'ament_cmake_args' from command line to 'None'
[0.908s] Level 5:colcon.colcon_core.verb:set package 'turtle_controller' build argument 'catkin_cmake_args' from command line to 'None'
[0.909s] Level 5:colcon.colcon_core.verb:set package 'turtle_controller' build argument 'catkin_skip_building_tests' from command line to 'False'
[0.909s] DEBUG:colcon.colcon_core.verb:Building package 'turtle_controller' with the following arguments: {'ament_cmake_args': None, 'build_base': '/home/krzysiek/dev_ws/src/bieniek_gierulski/turtle_controller/build/turtle_controller', 'catkin_cmake_args': None, 'catkin_skip_building_tests': False, 'cmake_args': None, 'cmake_clean_cache': False, 'cmake_clean_first': False, 'cmake_force_configure': False, 'cmake_target': None, 'cmake_target_skip_unavailable': False, 'install_base': '/home/krzysiek/dev_ws/src/bieniek_gierulski/turtle_controller/install/turtle_controller', 'merge_install': False, 'path': '/home/krzysiek/dev_ws/src/bieniek_gierulski/turtle_controller', 'symlink_install': False, 'test_result_base': None}
[0.909s] INFO:colcon.colcon_core.executor:Executing jobs using 'parallel' executor
[0.911s] DEBUG:colcon.colcon_parallel_executor.executor.parallel:run_until_complete
[0.911s] INFO:colcon.colcon_ros.task.ament_python.build:Building ROS package in '/home/krzysiek/dev_ws/src/bieniek_gierulski/turtle_controller' with build type 'ament_python'
[0.911s] Level 1:colcon.colcon_core.shell:create_environment_hook('turtle_controller', 'ament_prefix_path')
[0.916s] INFO:colcon.colcon_core.plugin_system:Skipping extension 'colcon_core.shell.bat': Not used on non-Windows systems
[0.916s] INFO:colcon.colcon_core.shell:Creating environment hook '/home/krzysiek/dev_ws/src/bieniek_gierulski/turtle_controller/install/turtle_controller/share/turtle_controller/hook/ament_prefix_path.ps1'
[0.925s] INFO:colcon.colcon_core.shell:Creating environment descriptor '/home/krzysiek/dev_ws/src/bieniek_gierulski/turtle_controller/install/turtle_controller/share/turtle_controller/hook/ament_prefix_path.dsv'
[0.925s] INFO:colcon.colcon_core.shell:Creating environment hook '/home/krzysiek/dev_ws/src/bieniek_gierulski/turtle_controller/install/turtle_controller/share/turtle_controller/hook/ament_prefix_path.sh'
[0.927s] INFO:colcon.colcon_core.shell:Skip shell extension 'powershell' for command environment: Not usable outside of PowerShell
[0.927s] DEBUG:colcon.colcon_core.shell:Skip shell extension 'dsv' for command environment
[0.930s] DEBUG:colcon.colcon_core.shell:Ignoring prefix path '/opt/ros/foxy'
[1.160s] INFO:colcon.colcon_core.task.python.build:Building Python package in '/home/krzysiek/dev_ws/src/bieniek_gierulski/turtle_controller'
[1.161s] INFO:colcon.colcon_core.shell:Skip shell extension 'powershell' for command environment: Not usable outside of PowerShell
[1.161s] DEBUG:colcon.colcon_core.shell:Skip shell extension 'dsv' for command environment
[1.163s] DEBUG:colcon.colcon_core.shell:Ignoring prefix path '/opt/ros/foxy'
[1.168s] DEBUG:colcon.colcon_core.event_handler.log_command:Invoking command in '/home/krzysiek/dev_ws/src/bieniek_gierulski/turtle_controller': PYTHONPATH=/home/krzysiek/dev_ws/src/bieniek_gierulski/turtle_controller/install/turtle_controller/lib/python3.8/site-packages:${PYTHONPATH} /usr/bin/python3 setup.py egg_info --egg-base build/turtle_controller build --build-base /home/krzysiek/dev_ws/src/bieniek_gierulski/turtle_controller/build/turtle_controller/build install --prefix /home/krzysiek/dev_ws/src/bieniek_gierulski/turtle_controller/install/turtle_controller --record /home/krzysiek/dev_ws/src/bieniek_gierulski/turtle_controller/build/turtle_controller/install.log --single-version-externally-managed
[1.722s] DEBUG:colcon.colcon_core.event_handler.log_command:Invoked command in '/home/krzysiek/dev_ws/src/bieniek_gierulski/turtle_controller' returned '0': PYTHONPATH=/home/krzysiek/dev_ws/src/bieniek_gierulski/turtle_controller/install/turtle_controller/lib/python3.8/site-packages:${PYTHONPATH} /usr/bin/python3 setup.py egg_info --egg-base build/turtle_controller build --build-base /home/krzysiek/dev_ws/src/bieniek_gierulski/turtle_controller/build/turtle_controller/build install --prefix /home/krzysiek/dev_ws/src/bieniek_gierulski/turtle_controller/install/turtle_controller --record /home/krzysiek/dev_ws/src/bieniek_gierulski/turtle_controller/build/turtle_controller/install.log --single-version-externally-managed
[1.727s] Level 1:colcon.colcon_core.environment:checking '/home/krzysiek/dev_ws/src/bieniek_gierulski/turtle_controller/install/turtle_controller' for CMake module files
[1.727s] Level 1:colcon.colcon_core.environment:checking '/home/krzysiek/dev_ws/src/bieniek_gierulski/turtle_controller/install/turtle_controller' for CMake config files
[1.728s] Level 1:colcon.colcon_core.environment:checking '/home/krzysiek/dev_ws/src/bieniek_gierulski/turtle_controller/install/turtle_controller/lib'
[1.728s] Level 1:colcon.colcon_core.environment:checking '/home/krzysiek/dev_ws/src/bieniek_gierulski/turtle_controller/install/turtle_controller/bin'
[1.728s] Level 1:colcon.colcon_core.environment:checking '/home/krzysiek/dev_ws/src/bieniek_gierulski/turtle_controller/install/turtle_controller/lib/pkgconfig/turtle_controller.pc'
[1.728s] Level 1:colcon.colcon_core.environment:checking '/home/krzysiek/dev_ws/src/bieniek_gierulski/turtle_controller/install/turtle_controller/lib/python3.8/site-packages'
[1.728s] Level 1:colcon.colcon_core.shell:create_environment_hook('turtle_controller', 'pythonpath')
[1.729s] INFO:colcon.colcon_core.shell:Creating environment hook '/home/krzysiek/dev_ws/src/bieniek_gierulski/turtle_controller/install/turtle_controller/share/turtle_controller/hook/pythonpath.ps1'
[1.729s] INFO:colcon.colcon_core.shell:Creating environment descriptor '/home/krzysiek/dev_ws/src/bieniek_gierulski/turtle_controller/install/turtle_controller/share/turtle_controller/hook/pythonpath.dsv'
[1.730s] INFO:colcon.colcon_core.shell:Creating environment hook '/home/krzysiek/dev_ws/src/bieniek_gierulski/turtle_controller/install/turtle_controller/share/turtle_controller/hook/pythonpath.sh'
[1.730s] Level 1:colcon.colcon_core.environment:create_environment_scripts_only(turtle_controller)
[1.730s] INFO:colcon.colcon_core.shell:Creating package script '/home/krzysiek/dev_ws/src/bieniek_gierulski/turtle_controller/install/turtle_controller/share/turtle_controller/package.ps1'
[1.731s] INFO:colcon.colcon_core.shell:Creating package descriptor '/home/krzysiek/dev_ws/src/bieniek_gierulski/turtle_controller/install/turtle_controller/share/turtle_controller/package.dsv'
[1.742s] INFO:colcon.colcon_core.shell:Creating package script '/home/krzysiek/dev_ws/src/bieniek_gierulski/turtle_controller/install/turtle_controller/share/turtle_controller/package.sh'
[1.743s] INFO:colcon.colcon_core.shell:Creating package script '/home/krzysiek/dev_ws/src/bieniek_gierulski/turtle_controller/install/turtle_controller/share/turtle_controller/package.bash'
[1.744s] INFO:colcon.colcon_core.shell:Creating package script '/home/krzysiek/dev_ws/src/bieniek_gierulski/turtle_controller/install/turtle_controller/share/turtle_controller/package.zsh'
[1.744s] Level 1:colcon.colcon_core.environment:create_file_with_runtime_dependencies(/home/krzysiek/dev_ws/src/bieniek_gierulski/turtle_controller/install/turtle_controller/share/colcon-core/packages/turtle_controller)
[1.745s] DEBUG:colcon.colcon_parallel_executor.executor.parallel:closing loop
[1.745s] DEBUG:colcon.colcon_parallel_executor.executor.parallel:loop closed
[1.745s] DEBUG:colcon.colcon_parallel_executor.executor.parallel:run_until_complete finished with '0'
[1.745s] DEBUG:colcon.colcon_core.event_reactor:joining thread
[1.752s] INFO:colcon.colcon_core.plugin_system:Skipping extension 'colcon_notification.desktop_notification.terminal_notifier': Not used on non-Darwin systems
[1.753s] INFO:colcon.colcon_core.plugin_system:Skipping extension 'colcon_notification.desktop_notification.win32': Not used on non-Windows systems
[1.753s] INFO:colcon.colcon_notification.desktop_notification:Sending desktop notification using 'notify2'
[1.772s] DEBUG:colcon.colcon_core.event_reactor:joined thread
[1.772s] INFO:colcon.colcon_core.shell:Creating prefix script '/home/krzysiek/dev_ws/src/bieniek_gierulski/turtle_controller/install/local_setup.ps1'
[1.784s] INFO:colcon.colcon_core.shell:Creating prefix util module '/home/krzysiek/dev_ws/src/bieniek_gierulski/turtle_controller/install/_local_setup_util_ps1.py'
[1.786s] INFO:colcon.colcon_core.shell:Creating prefix chain script '/home/krzysiek/dev_ws/src/bieniek_gierulski/turtle_controller/install/setup.ps1'
[1.788s] INFO:colcon.colcon_core.shell:Creating prefix script '/home/krzysiek/dev_ws/src/bieniek_gierulski/turtle_controller/install/local_setup.sh'
[1.789s] INFO:colcon.colcon_core.shell:Creating prefix util module '/home/krzysiek/dev_ws/src/bieniek_gierulski/turtle_controller/install/_local_setup_util_sh.py'
[1.789s] INFO:colcon.colcon_core.shell:Creating prefix chain script '/home/krzysiek/dev_ws/src/bieniek_gierulski/turtle_controller/install/setup.sh'
[1.791s] INFO:colcon.colcon_core.shell:Creating prefix script '/home/krzysiek/dev_ws/src/bieniek_gierulski/turtle_controller/install/local_setup.bash'
[1.792s] INFO:colcon.colcon_core.shell:Creating prefix chain script '/home/krzysiek/dev_ws/src/bieniek_gierulski/turtle_controller/install/setup.bash'
[1.795s] INFO:colcon.colcon_core.shell:Creating prefix script '/home/krzysiek/dev_ws/src/bieniek_gierulski/turtle_controller/install/local_setup.zsh'
[1.795s] INFO:colcon.colcon_core.shell:Creating prefix chain script '/home/krzysiek/dev_ws/src/bieniek_gierulski/turtle_controller/install/setup.zsh'
