[0.243s] Invoking command in '/home/krzysiek/dev_ws/src/bieniek_gierulski/turtle_controller': PYTHONPATH=/home/krzysiek/dev_ws/src/bieniek_gierulski/turtle_controller/install/turtle_controller/lib/python3.8/site-packages:${PYTHONPATH} /usr/bin/python3 setup.py egg_info --egg-base build/turtle_controller build --build-base /home/krzysiek/dev_ws/src/bieniek_gierulski/turtle_controller/build/turtle_controller/build install --prefix /home/krzysiek/dev_ws/src/bieniek_gierulski/turtle_controller/install/turtle_controller --record /home/krzysiek/dev_ws/src/bieniek_gierulski/turtle_controller/build/turtle_controller/install.log --single-version-externally-managed
[0.455s] running egg_info
[0.455s] writing build/turtle_controller/turtle_controller.egg-info/PKG-INFO
[0.456s] writing dependency_links to build/turtle_controller/turtle_controller.egg-info/dependency_links.txt
[0.456s] writing entry points to build/turtle_controller/turtle_controller.egg-info/entry_points.txt
[0.456s] writing requirements to build/turtle_controller/turtle_controller.egg-info/requires.txt
[0.456s] writing top-level names to build/turtle_controller/turtle_controller.egg-info/top_level.txt
[0.488s] reading manifest file 'build/turtle_controller/turtle_controller.egg-info/SOURCES.txt'
[0.489s] writing manifest file 'build/turtle_controller/turtle_controller.egg-info/SOURCES.txt'
[0.489s] running build
[0.489s] running build_py
[0.489s] copying turtle_controller/controller.py -> /home/krzysiek/dev_ws/src/bieniek_gierulski/turtle_controller/build/turtle_controller/build/lib/turtle_controller
[0.489s] running install
[0.490s] running install_lib
[0.491s] copying /home/krzysiek/dev_ws/src/bieniek_gierulski/turtle_controller/build/turtle_controller/build/lib/turtle_controller/controller.py -> /home/krzysiek/dev_ws/src/bieniek_gierulski/turtle_controller/install/turtle_controller/lib/python3.8/site-packages/turtle_controller
[0.492s] byte-compiling /home/krzysiek/dev_ws/src/bieniek_gierulski/turtle_controller/install/turtle_controller/lib/python3.8/site-packages/turtle_controller/controller.py to controller.cpython-38.pyc
[0.493s] running install_data
[0.494s] running install_egg_info
[0.495s] removing '/home/krzysiek/dev_ws/src/bieniek_gierulski/turtle_controller/install/turtle_controller/lib/python3.8/site-packages/turtle_controller-0.0.0-py3.8.egg-info' (and everything under it)
[0.496s] Copying build/turtle_controller/turtle_controller.egg-info to /home/krzysiek/dev_ws/src/bieniek_gierulski/turtle_controller/install/turtle_controller/lib/python3.8/site-packages/turtle_controller-0.0.0-py3.8.egg-info
[0.496s] running install_scripts
[0.513s] Installing controller script to /home/krzysiek/dev_ws/src/bieniek_gierulski/turtle_controller/install/turtle_controller/lib/turtle_controller
[0.513s] writing list of installed files to '/home/krzysiek/dev_ws/src/bieniek_gierulski/turtle_controller/build/turtle_controller/install.log'
[0.537s] Invoked command in '/home/krzysiek/dev_ws/src/bieniek_gierulski/turtle_controller' returned '0': PYTHONPATH=/home/krzysiek/dev_ws/src/bieniek_gierulski/turtle_controller/install/turtle_controller/lib/python3.8/site-packages:${PYTHONPATH} /usr/bin/python3 setup.py egg_info --egg-base build/turtle_controller build --build-base /home/krzysiek/dev_ws/src/bieniek_gierulski/turtle_controller/build/turtle_controller/build install --prefix /home/krzysiek/dev_ws/src/bieniek_gierulski/turtle_controller/install/turtle_controller --record /home/krzysiek/dev_ws/src/bieniek_gierulski/turtle_controller/build/turtle_controller/install.log --single-version-externally-managed
