[0.252s] Invoking command in '/home/krzysiek/dev_ws/src/bieniek_gierulski/build/urdf_move': PYTHONPATH=/home/krzysiek/dev_ws/src/bieniek_gierulski/install/urdf_move/lib/python3.8/site-packages:${PYTHONPATH} /usr/bin/python3 setup.py develop --prefix /home/krzysiek/dev_ws/src/bieniek_gierulski/install/urdf_move --editable --build-directory /home/krzysiek/dev_ws/src/bieniek_gierulski/build/urdf_move/build --no-deps install_data --install-dir /home/krzysiek/dev_ws/src/bieniek_gierulski/install/urdf_move
[0.490s] running develop
[0.623s] running egg_info
[0.623s] creating urdf_move.egg-info
[0.624s] writing urdf_move.egg-info/PKG-INFO
[0.624s] writing dependency_links to urdf_move.egg-info/dependency_links.txt
[0.624s] writing entry points to urdf_move.egg-info/entry_points.txt
[0.624s] writing requirements to urdf_move.egg-info/requires.txt
[0.624s] writing top-level names to urdf_move.egg-info/top_level.txt
[0.625s] writing manifest file 'urdf_move.egg-info/SOURCES.txt'
[0.655s] reading manifest file 'urdf_move.egg-info/SOURCES.txt'
[0.655s] writing manifest file 'urdf_move.egg-info/SOURCES.txt'
[0.691s] running build_ext
[0.691s] Creating /home/krzysiek/dev_ws/src/bieniek_gierulski/install/urdf_move/lib/python3.8/site-packages/site.py
[0.693s] Creating /home/krzysiek/dev_ws/src/bieniek_gierulski/install/urdf_move/lib/python3.8/site-packages/urdf-move.egg-link (link to .)
[0.694s] Installing state_publisher script to /home/krzysiek/dev_ws/src/bieniek_gierulski/install/urdf_move/lib/urdf_move
[0.694s] 
[0.695s] Installed /home/krzysiek/dev_ws/src/bieniek_gierulski/build/urdf_move
[0.695s] running install_data
[0.695s] creating /home/krzysiek/dev_ws/src/bieniek_gierulski/install/urdf_move/share/ament_index
[0.695s] creating /home/krzysiek/dev_ws/src/bieniek_gierulski/install/urdf_move/share/ament_index/resource_index
[0.695s] creating /home/krzysiek/dev_ws/src/bieniek_gierulski/install/urdf_move/share/ament_index/resource_index/packages
[0.695s] copying resource/urdf_move -> /home/krzysiek/dev_ws/src/bieniek_gierulski/install/urdf_move/share/ament_index/resource_index/packages
[0.695s] copying package.xml -> /home/krzysiek/dev_ws/src/bieniek_gierulski/install/urdf_move/share/urdf_move
[0.696s] copying launch/demo.launch.py -> /home/krzysiek/dev_ws/src/bieniek_gierulski/install/urdf_move/share/urdf_move
[0.696s] copying urdf/r2d2.urdf.xacro.xml -> /home/krzysiek/dev_ws/src/bieniek_gierulski/install/urdf_move/share/urdf_move
[0.696s] copying urdf/r2d2.rviz -> /home/krzysiek/dev_ws/src/bieniek_gierulski/install/urdf_move/share/urdf_move
[0.696s] copying urdf/file.yaml -> /home/krzysiek/dev_ws/src/bieniek_gierulski/install/urdf_move/share/urdf_move
[0.696s] copying urdf/sss -> /home/krzysiek/dev_ws/src/bieniek_gierulski/install/urdf_move/share/urdf_move
[0.696s] copying urdf/r2d2.urdf.xml -> /home/krzysiek/dev_ws/src/bieniek_gierulski/install/urdf_move/share/urdf_move
[0.724s] Invoked command in '/home/krzysiek/dev_ws/src/bieniek_gierulski/build/urdf_move' returned '0': PYTHONPATH=/home/krzysiek/dev_ws/src/bieniek_gierulski/install/urdf_move/lib/python3.8/site-packages:${PYTHONPATH} /usr/bin/python3 setup.py develop --prefix /home/krzysiek/dev_ws/src/bieniek_gierulski/install/urdf_move --editable --build-directory /home/krzysiek/dev_ws/src/bieniek_gierulski/build/urdf_move/build --no-deps install_data --install-dir /home/krzysiek/dev_ws/src/bieniek_gierulski/install/urdf_move
