[0.147s] DEBUG:colcon:Command line arguments: ['/usr/bin/colcon', 'build', '--symlink-install', '--packages-select', 'urdf_tutorial_moving']
[0.147s] DEBUG:colcon:Parsed command line arguments: Namespace(ament_cmake_args=None, base_paths=['.'], build_base='build', catkin_cmake_args=None, catkin_skip_building_tests=False, cmake_args=None, cmake_clean_cache=False, cmake_clean_first=False, cmake_force_configure=False, cmake_target=None, cmake_target_skip_unavailable=False, continue_on_error=False, event_handlers=None, executor='parallel', ignore_user_meta=False, install_base='install', log_base=None, log_level=None, main=<bound method BuildVerb.main of <colcon_core.verb.build.BuildVerb object at 0x7fdd6c2046d0>>, merge_install=False, metas=['./colcon.meta'], packages_above=None, packages_above_and_dependencies=None, packages_above_depth=None, packages_end=None, packages_ignore=None, packages_ignore_regex=None, packages_select=['urdf_tutorial_moving'], packages_select_build_failed=False, packages_select_by_dep=None, packages_select_regex=None, packages_select_test_failures=False, packages_skip=None, packages_skip_build_finished=False, packages_skip_by_dep=None, packages_skip_regex=None, packages_skip_test_passed=False, packages_skip_up_to=None, packages_start=None, packages_up_to=None, packages_up_to_regex=None, parallel_workers=4, paths=None, symlink_install=True, test_result_base=None, verb_extension=<colcon_core.verb.build.BuildVerb object at 0x7fdd6c2046d0>, verb_name='build', verb_parser=<colcon_defaults.argument_parser.defaults.DefaultArgumentsDecorator object at 0x7fdd6c204c10>)
[0.151s] Level 1:colcon.colcon_core.package_discovery:discover_packages(colcon_meta) check parameters
[0.151s] Level 1:colcon.colcon_core.package_discovery:discover_packages(recursive) check parameters
[0.151s] Level 1:colcon.colcon_core.package_discovery:discover_packages(ignore) check parameters
[0.151s] Level 1:colcon.colcon_core.package_discovery:discover_packages(path) check parameters
[0.151s] Level 1:colcon.colcon_core.package_discovery:discover_packages(colcon_meta) discover
[0.152s] Level 1:colcon.colcon_core.package_discovery:discover_packages(recursive) discover
[0.152s] INFO:colcon.colcon_core.package_discovery:Crawling recursively for packages in '/home/krzysiek/dev_ws/src/bieniek_gierulski'
[0.152s] Level 1:colcon.colcon_core.package_identification:_identify(.) by extensions ['ignore', 'ignore_ament_install']
[0.152s] Level 1:colcon.colcon_core.package_identification:_identify(.) by extension 'ignore'
[0.152s] Level 1:colcon.colcon_core.package_identification:_identify(.) by extension 'ignore_ament_install'
[0.152s] Level 1:colcon.colcon_core.package_identification:_identify(.) by extensions ['colcon_pkg']
[0.152s] Level 1:colcon.colcon_core.package_identification:_identify(.) by extension 'colcon_pkg'
[0.152s] Level 1:colcon.colcon_core.package_identification:_identify(.) by extensions ['colcon_meta']
[0.152s] Level 1:colcon.colcon_core.package_identification:_identify(.) by extension 'colcon_meta'
[0.152s] Level 1:colcon.colcon_core.package_identification:_identify(.) by extensions ['ros']
[0.152s] Level 1:colcon.colcon_core.package_identification:_identify(.) by extension 'ros'
[0.162s] Level 1:colcon.colcon_core.package_identification:_identify(.) by extensions ['cmake', 'python']
[0.162s] Level 1:colcon.colcon_core.package_identification:_identify(.) by extension 'cmake'
[0.162s] Level 1:colcon.colcon_core.package_identification:_identify(.) by extension 'python'
[0.162s] Level 1:colcon.colcon_core.package_identification:_identify(.) by extensions ['python_setup_py']
[0.162s] Level 1:colcon.colcon_core.package_identification:_identify(.) by extension 'python_setup_py'
[0.163s] Level 1:colcon.colcon_core.package_identification:_identify(build) by extensions ['ignore', 'ignore_ament_install']
[0.163s] Level 1:colcon.colcon_core.package_identification:_identify(build) by extension 'ignore'
[0.163s] Level 1:colcon.colcon_core.package_identification:_identify(build) ignored
[0.163s] Level 1:colcon.colcon_core.package_identification:_identify(install) by extensions ['ignore', 'ignore_ament_install']
[0.163s] Level 1:colcon.colcon_core.package_identification:_identify(install) by extension 'ignore'
[0.163s] Level 1:colcon.colcon_core.package_identification:_identify(install) ignored
[0.163s] Level 1:colcon.colcon_core.package_identification:_identify(log) by extensions ['ignore', 'ignore_ament_install']
[0.163s] Level 1:colcon.colcon_core.package_identification:_identify(log) by extension 'ignore'
[0.163s] Level 1:colcon.colcon_core.package_identification:_identify(log) ignored
[0.163s] Level 1:colcon.colcon_core.package_identification:_identify(turtle_controller) by extensions ['ignore', 'ignore_ament_install']
[0.164s] Level 1:colcon.colcon_core.package_identification:_identify(turtle_controller) by extension 'ignore'
[0.164s] Level 1:colcon.colcon_core.package_identification:_identify(turtle_controller) by extension 'ignore_ament_install'
[0.164s] Level 1:colcon.colcon_core.package_identification:_identify(turtle_controller) by extensions ['colcon_pkg']
[0.164s] Level 1:colcon.colcon_core.package_identification:_identify(turtle_controller) by extension 'colcon_pkg'
[0.164s] Level 1:colcon.colcon_core.package_identification:_identify(turtle_controller) by extensions ['colcon_meta']
[0.164s] Level 1:colcon.colcon_core.package_identification:_identify(turtle_controller) by extension 'colcon_meta'
[0.164s] Level 1:colcon.colcon_core.package_identification:_identify(turtle_controller) by extensions ['ros']
[0.164s] Level 1:colcon.colcon_core.package_identification:_identify(turtle_controller) by extension 'ros'
[0.166s] DEBUG:colcon.colcon_core.package_identification:Package 'turtle_controller' with type 'ros.ament_python' and name 'turtle_controller'
[0.166s] Level 1:colcon.colcon_core.package_identification:_identify(urdf_tutorial) by extensions ['ignore', 'ignore_ament_install']
[0.166s] Level 1:colcon.colcon_core.package_identification:_identify(urdf_tutorial) by extension 'ignore'
[0.166s] Level 1:colcon.colcon_core.package_identification:_identify(urdf_tutorial) by extension 'ignore_ament_install'
[0.166s] Level 1:colcon.colcon_core.package_identification:_identify(urdf_tutorial) by extensions ['colcon_pkg']
[0.166s] Level 1:colcon.colcon_core.package_identification:_identify(urdf_tutorial) by extension 'colcon_pkg'
[0.166s] Level 1:colcon.colcon_core.package_identification:_identify(urdf_tutorial) by extensions ['colcon_meta']
[0.166s] Level 1:colcon.colcon_core.package_identification:_identify(urdf_tutorial) by extension 'colcon_meta'
[0.166s] Level 1:colcon.colcon_core.package_identification:_identify(urdf_tutorial) by extensions ['ros']
[0.166s] Level 1:colcon.colcon_core.package_identification:_identify(urdf_tutorial) by extension 'ros'
[0.167s] DEBUG:colcon.colcon_core.package_identification:Package 'urdf_tutorial' with type 'ros.ament_python' and name 'urdf_tutorial'
[0.167s] Level 1:colcon.colcon_core.package_identification:_identify(urdf_tutorial_moving) by extensions ['ignore', 'ignore_ament_install']
[0.167s] Level 1:colcon.colcon_core.package_identification:_identify(urdf_tutorial_moving) by extension 'ignore'
[0.167s] Level 1:colcon.colcon_core.package_identification:_identify(urdf_tutorial_moving) by extension 'ignore_ament_install'
[0.167s] Level 1:colcon.colcon_core.package_identification:_identify(urdf_tutorial_moving) by extensions ['colcon_pkg']
[0.167s] Level 1:colcon.colcon_core.package_identification:_identify(urdf_tutorial_moving) by extension 'colcon_pkg'
[0.167s] Level 1:colcon.colcon_core.package_identification:_identify(urdf_tutorial_moving) by extensions ['colcon_meta']
[0.168s] Level 1:colcon.colcon_core.package_identification:_identify(urdf_tutorial_moving) by extension 'colcon_meta'
[0.168s] Level 1:colcon.colcon_core.package_identification:_identify(urdf_tutorial_moving) by extensions ['ros']
[0.168s] Level 1:colcon.colcon_core.package_identification:_identify(urdf_tutorial_moving) by extension 'ros'
[0.169s] DEBUG:colcon.colcon_core.package_identification:Package 'urdf_tutorial_moving' with type 'ros.ament_python' and name 'urdf_tutorial'
[0.169s] Level 1:colcon.colcon_core.package_discovery:discover_packages(recursive) using defaults
[0.169s] Level 1:colcon.colcon_core.package_discovery:discover_packages(ignore) discover
[0.169s] Level 1:colcon.colcon_core.package_discovery:discover_packages(ignore) using defaults
[0.169s] Level 1:colcon.colcon_core.package_discovery:discover_packages(path) discover
[0.169s] Level 1:colcon.colcon_core.package_discovery:discover_packages(path) using defaults
[0.170s] WARNING:colcon.colcon_core.package_selection:ignoring unknown package 'urdf_tutorial_moving' in --packages-select
[0.186s] INFO:colcon.colcon_core.package_selection:Skipping not selected package 'turtle_controller' in 'turtle_controller'
[0.186s] INFO:colcon.colcon_core.package_selection:Skipping not selected package 'urdf_tutorial' in 'urdf_tutorial_moving'
[0.186s] INFO:colcon.colcon_core.package_selection:Skipping not selected package 'urdf_tutorial' in 'urdf_tutorial'
[0.187s] INFO:colcon.colcon_core.executor:Executing jobs using 'parallel' executor
[0.188s] DEBUG:colcon.colcon_parallel_executor.executor.parallel:run_until_complete
[0.188s] DEBUG:colcon.colcon_parallel_executor.executor.parallel:closing loop
[0.189s] DEBUG:colcon.colcon_parallel_executor.executor.parallel:loop closed
[0.189s] DEBUG:colcon.colcon_parallel_executor.executor.parallel:run_until_complete finished with '0'
[0.189s] DEBUG:colcon.colcon_core.event_reactor:joining thread
[0.194s] INFO:colcon.colcon_core.plugin_system:Skipping extension 'colcon_notification.desktop_notification.terminal_notifier': Not used on non-Darwin systems
[0.194s] INFO:colcon.colcon_core.plugin_system:Skipping extension 'colcon_notification.desktop_notification.win32': Not used on non-Windows systems
[0.194s] INFO:colcon.colcon_notification.desktop_notification:Sending desktop notification using 'notify2'
[0.211s] DEBUG:colcon.colcon_core.event_reactor:joined thread
[0.214s] INFO:colcon.colcon_core.plugin_system:Skipping extension 'colcon_core.shell.bat': Not used on non-Windows systems
[0.214s] INFO:colcon.colcon_core.shell:Creating prefix script '/home/krzysiek/dev_ws/src/bieniek_gierulski/install/local_setup.ps1'
[0.215s] INFO:colcon.colcon_core.shell:Creating prefix util module '/home/krzysiek/dev_ws/src/bieniek_gierulski/install/_local_setup_util_ps1.py'
[0.216s] INFO:colcon.colcon_core.shell:Creating prefix chain script '/home/krzysiek/dev_ws/src/bieniek_gierulski/install/setup.ps1'
[0.220s] INFO:colcon.colcon_core.shell:Creating prefix script '/home/krzysiek/dev_ws/src/bieniek_gierulski/install/local_setup.sh'
[0.220s] INFO:colcon.colcon_core.shell:Creating prefix util module '/home/krzysiek/dev_ws/src/bieniek_gierulski/install/_local_setup_util_sh.py'
[0.221s] INFO:colcon.colcon_core.shell:Creating prefix chain script '/home/krzysiek/dev_ws/src/bieniek_gierulski/install/setup.sh'
[0.223s] INFO:colcon.colcon_core.shell:Creating prefix script '/home/krzysiek/dev_ws/src/bieniek_gierulski/install/local_setup.bash'
[0.223s] INFO:colcon.colcon_core.shell:Creating prefix chain script '/home/krzysiek/dev_ws/src/bieniek_gierulski/install/setup.bash'
[0.226s] INFO:colcon.colcon_core.shell:Creating prefix script '/home/krzysiek/dev_ws/src/bieniek_gierulski/install/local_setup.zsh'
[0.226s] INFO:colcon.colcon_core.shell:Creating prefix chain script '/home/krzysiek/dev_ws/src/bieniek_gierulski/install/setup.zsh'
