[0.265s] Invoking command in '/home/krzysiek/dev_ws/src/bieniek_gierulski/build/urdf_move': PYTHONPATH=/home/krzysiek/dev_ws/src/bieniek_gierulski/install/urdf_move/lib/python3.8/site-packages:${PYTHONPATH} /usr/bin/python3 setup.py develop --prefix /home/krzysiek/dev_ws/src/bieniek_gierulski/install/urdf_move --editable --build-directory /home/krzysiek/dev_ws/src/bieniek_gierulski/build/urdf_move/build --no-deps install_data --install-dir /home/krzysiek/dev_ws/src/bieniek_gierulski/install/urdf_move
[0.606s] running develop
[0.772s] running egg_info
[0.772s] creating urdf_move.egg-info
[0.772s] writing urdf_move.egg-info/PKG-INFO
[0.772s] writing dependency_links to urdf_move.egg-info/dependency_links.txt
[0.772s] writing entry points to urdf_move.egg-info/entry_points.txt
[0.772s] writing requirements to urdf_move.egg-info/requires.txt
[0.772s] writing top-level names to urdf_move.egg-info/top_level.txt
[0.777s] writing manifest file 'urdf_move.egg-info/SOURCES.txt'
[0.910s] reading manifest file 'urdf_move.egg-info/SOURCES.txt'
[0.911s] writing manifest file 'urdf_move.egg-info/SOURCES.txt'
[1.145s] running build_ext
[1.156s] Creating /home/krzysiek/dev_ws/src/bieniek_gierulski/install/urdf_move/lib/python3.8/site-packages/site.py
[1.158s] Creating /home/krzysiek/dev_ws/src/bieniek_gierulski/install/urdf_move/lib/python3.8/site-packages/urdf-move.egg-link (link to .)
[1.159s] Installing state_publisher script to /home/krzysiek/dev_ws/src/bieniek_gierulski/install/urdf_move/lib/urdf_move
[1.159s] 
[1.159s] Installed /home/krzysiek/dev_ws/src/bieniek_gierulski/build/urdf_move
[1.159s] running install_data
[1.159s] creating /home/krzysiek/dev_ws/src/bieniek_gierulski/install/urdf_move/share/ament_index
[1.160s] creating /home/krzysiek/dev_ws/src/bieniek_gierulski/install/urdf_move/share/ament_index/resource_index
[1.160s] creating /home/krzysiek/dev_ws/src/bieniek_gierulski/install/urdf_move/share/ament_index/resource_index/packages
[1.160s] copying resource/urdf_move -> /home/krzysiek/dev_ws/src/bieniek_gierulski/install/urdf_move/share/ament_index/resource_index/packages
[1.160s] copying package.xml -> /home/krzysiek/dev_ws/src/bieniek_gierulski/install/urdf_move/share/urdf_move
[1.160s] copying launch/demo.launch.py -> /home/krzysiek/dev_ws/src/bieniek_gierulski/install/urdf_move/share/urdf_move
[1.160s] copying urdf/r2d2.rviz -> /home/krzysiek/dev_ws/src/bieniek_gierulski/install/urdf_move/share/urdf_move
[1.160s] copying urdf/r2d2.urdf.xml -> /home/krzysiek/dev_ws/src/bieniek_gierulski/install/urdf_move/share/urdf_move
[1.187s] Invoked command in '/home/krzysiek/dev_ws/src/bieniek_gierulski/build/urdf_move' returned '0': PYTHONPATH=/home/krzysiek/dev_ws/src/bieniek_gierulski/install/urdf_move/lib/python3.8/site-packages:${PYTHONPATH} /usr/bin/python3 setup.py develop --prefix /home/krzysiek/dev_ws/src/bieniek_gierulski/install/urdf_move --editable --build-directory /home/krzysiek/dev_ws/src/bieniek_gierulski/build/urdf_move/build --no-deps install_data --install-dir /home/krzysiek/dev_ws/src/bieniek_gierulski/install/urdf_move
