[0.260s] Invoking command in '/home/krzysiek/dev_ws/src/bieniek_gierulski/build/urdf_tutorial': PYTHONPATH=/home/krzysiek/dev_ws/src/bieniek_gierulski/install/urdf_tutorial/lib/python3.8/site-packages:${PYTHONPATH} /usr/bin/python3 setup.py develop --prefix /home/krzysiek/dev_ws/src/bieniek_gierulski/install/urdf_tutorial --editable --build-directory /home/krzysiek/dev_ws/src/bieniek_gierulski/build/urdf_tutorial/build --no-deps install_data --install-dir /home/krzysiek/dev_ws/src/bieniek_gierulski/install/urdf_tutorial
[0.504s] running develop
[0.640s] running egg_info
[0.641s] creating urdf_tutorial.egg-info
[0.641s] writing urdf_tutorial.egg-info/PKG-INFO
[0.641s] writing dependency_links to urdf_tutorial.egg-info/dependency_links.txt
[0.641s] writing entry points to urdf_tutorial.egg-info/entry_points.txt
[0.641s] writing requirements to urdf_tutorial.egg-info/requires.txt
[0.641s] writing top-level names to urdf_tutorial.egg-info/top_level.txt
[0.643s] writing manifest file 'urdf_tutorial.egg-info/SOURCES.txt'
[0.674s] reading manifest file 'urdf_tutorial.egg-info/SOURCES.txt'
[0.675s] writing manifest file 'urdf_tutorial.egg-info/SOURCES.txt'
[0.713s] running build_ext
[0.713s] Creating /home/krzysiek/dev_ws/src/bieniek_gierulski/install/urdf_tutorial/lib/python3.8/site-packages/site.py
[0.715s] Creating /home/krzysiek/dev_ws/src/bieniek_gierulski/install/urdf_tutorial/lib/python3.8/site-packages/urdf-tutorial.egg-link (link to .)
[0.716s] Installing state_publisher script to /home/krzysiek/dev_ws/src/bieniek_gierulski/install/urdf_tutorial/lib/urdf_tutorial
[0.716s] 
[0.717s] Installed /home/krzysiek/dev_ws/src/bieniek_gierulski/build/urdf_tutorial
[0.717s] running install_data
[0.717s] creating /home/krzysiek/dev_ws/src/bieniek_gierulski/install/urdf_tutorial/share/ament_index
[0.717s] creating /home/krzysiek/dev_ws/src/bieniek_gierulski/install/urdf_tutorial/share/ament_index/resource_index
[0.717s] creating /home/krzysiek/dev_ws/src/bieniek_gierulski/install/urdf_tutorial/share/ament_index/resource_index/packages
[0.717s] copying resource/urdf_tutorial -> /home/krzysiek/dev_ws/src/bieniek_gierulski/install/urdf_tutorial/share/ament_index/resource_index/packages
[0.717s] copying package.xml -> /home/krzysiek/dev_ws/src/bieniek_gierulski/install/urdf_tutorial/share/urdf_tutorial
[0.718s] copying launch/demo.launch.py -> /home/krzysiek/dev_ws/src/bieniek_gierulski/install/urdf_tutorial/share/urdf_tutorial
[0.718s] copying urdf/r2d2.rviz -> /home/krzysiek/dev_ws/src/bieniek_gierulski/install/urdf_tutorial/share/urdf_tutorial
[0.718s] copying urdf/sss -> /home/krzysiek/dev_ws/src/bieniek_gierulski/install/urdf_tutorial/share/urdf_tutorial
[0.718s] copying urdf/r2d2.urdf.xml -> /home/krzysiek/dev_ws/src/bieniek_gierulski/install/urdf_tutorial/share/urdf_tutorial
[0.718s] copying urdf/fds -> /home/krzysiek/dev_ws/src/bieniek_gierulski/install/urdf_tutorial/share/urdf_tutorial
[0.747s] Invoked command in '/home/krzysiek/dev_ws/src/bieniek_gierulski/build/urdf_tutorial' returned '0': PYTHONPATH=/home/krzysiek/dev_ws/src/bieniek_gierulski/install/urdf_tutorial/lib/python3.8/site-packages:${PYTHONPATH} /usr/bin/python3 setup.py develop --prefix /home/krzysiek/dev_ws/src/bieniek_gierulski/install/urdf_tutorial --editable --build-directory /home/krzysiek/dev_ws/src/bieniek_gierulski/build/urdf_tutorial/build --no-deps install_data --install-dir /home/krzysiek/dev_ws/src/bieniek_gierulski/install/urdf_tutorial
