[0.357s] Invoking command in '/home/krzysiek/dev_ws/src/bieniek_gierulski/build/urdf_move': PYTHONPATH=/home/krzysiek/dev_ws/src/bieniek_gierulski/install/urdf_move/lib/python3.8/site-packages:${PYTHONPATH} /usr/bin/python3 setup.py develop --prefix /home/krzysiek/dev_ws/src/bieniek_gierulski/install/urdf_move --editable --build-directory /home/krzysiek/dev_ws/src/bieniek_gierulski/build/urdf_move/build --no-deps install_data --install-dir /home/krzysiek/dev_ws/src/bieniek_gierulski/install/urdf_move
[0.725s] running develop
[0.895s] running egg_info
[0.896s] writing urdf_move.egg-info/PKG-INFO
[0.896s] writing dependency_links to urdf_move.egg-info/dependency_links.txt
[0.896s] writing entry points to urdf_move.egg-info/entry_points.txt
[0.896s] writing requirements to urdf_move.egg-info/requires.txt
[0.896s] writing top-level names to urdf_move.egg-info/top_level.txt
[1.063s] reading manifest file 'urdf_move.egg-info/SOURCES.txt'
[1.072s] writing manifest file 'urdf_move.egg-info/SOURCES.txt'
[1.306s] running build_ext
[1.316s] Creating /home/krzysiek/dev_ws/src/bieniek_gierulski/install/urdf_move/lib/python3.8/site-packages/urdf-move.egg-link (link to .)
[1.317s] Installing state_publisher script to /home/krzysiek/dev_ws/src/bieniek_gierulski/install/urdf_move/lib/urdf_move
[1.318s] 
[1.318s] Installed /home/krzysiek/dev_ws/src/bieniek_gierulski/build/urdf_move
[1.318s] running install_data
[1.318s] copying launch/demo.launch.py -> /home/krzysiek/dev_ws/src/bieniek_gierulski/install/urdf_move/share/urdf_move
[1.318s] copying urdf/r2d2.urdf.xacro -> /home/krzysiek/dev_ws/src/bieniek_gierulski/install/urdf_move/share/urdf_move
[1.318s] copying urdf/file.yaml -> /home/krzysiek/dev_ws/src/bieniek_gierulski/install/urdf_move/share/urdf_move
[1.374s] Invoked command in '/home/krzysiek/dev_ws/src/bieniek_gierulski/build/urdf_move' returned '0': PYTHONPATH=/home/krzysiek/dev_ws/src/bieniek_gierulski/install/urdf_move/lib/python3.8/site-packages:${PYTHONPATH} /usr/bin/python3 setup.py develop --prefix /home/krzysiek/dev_ws/src/bieniek_gierulski/install/urdf_move --editable --build-directory /home/krzysiek/dev_ws/src/bieniek_gierulski/build/urdf_move/build --no-deps install_data --install-dir /home/krzysiek/dev_ws/src/bieniek_gierulski/install/urdf_move
