[0.246s] Invoking command in '/home/krzysiek/dev_ws/src/bieniek_gierulski/turtle_controller': PYTHONPATH=/home/krzysiek/dev_ws/src/bieniek_gierulski/install/turtle_controller/lib/python3.8/site-packages:${PYTHONPATH} /usr/bin/python3 setup.py egg_info --egg-base ../build/turtle_controller build --build-base /home/krzysiek/dev_ws/src/bieniek_gierulski/build/turtle_controller/build install --prefix /home/krzysiek/dev_ws/src/bieniek_gierulski/install/turtle_controller --record /home/krzysiek/dev_ws/src/bieniek_gierulski/build/turtle_controller/install.log --single-version-externally-managed
[0.450s] running egg_info
[0.451s] writing ../build/turtle_controller/turtle_controller.egg-info/PKG-INFO
[0.451s] writing dependency_links to ../build/turtle_controller/turtle_controller.egg-info/dependency_links.txt
[0.451s] writing entry points to ../build/turtle_controller/turtle_controller.egg-info/entry_points.txt
[0.451s] writing requirements to ../build/turtle_controller/turtle_controller.egg-info/requires.txt
[0.451s] writing top-level names to ../build/turtle_controller/turtle_controller.egg-info/top_level.txt
[0.482s] reading manifest file '../build/turtle_controller/turtle_controller.egg-info/SOURCES.txt'
[0.483s] writing manifest file '../build/turtle_controller/turtle_controller.egg-info/SOURCES.txt'
[0.483s] running build
[0.483s] running build_py
[0.484s] copying turtle_controller/key_capturer.py -> /home/krzysiek/dev_ws/src/bieniek_gierulski/build/turtle_controller/build/lib/turtle_controller
[0.484s] running install
[0.484s] running install_lib
[0.485s] copying /home/krzysiek/dev_ws/src/bieniek_gierulski/build/turtle_controller/build/lib/turtle_controller/key_capturer.py -> /home/krzysiek/dev_ws/src/bieniek_gierulski/install/turtle_controller/lib/python3.8/site-packages/turtle_controller
[0.486s] byte-compiling /home/krzysiek/dev_ws/src/bieniek_gierulski/install/turtle_controller/lib/python3.8/site-packages/turtle_controller/key_capturer.py to key_capturer.cpython-38.pyc
[0.487s] running install_data
[0.488s] running install_egg_info
[0.489s] removing '/home/krzysiek/dev_ws/src/bieniek_gierulski/install/turtle_controller/lib/python3.8/site-packages/turtle_controller-0.0.0-py3.8.egg-info' (and everything under it)
[0.489s] Copying ../build/turtle_controller/turtle_controller.egg-info to /home/krzysiek/dev_ws/src/bieniek_gierulski/install/turtle_controller/lib/python3.8/site-packages/turtle_controller-0.0.0-py3.8.egg-info
[0.490s] running install_scripts
[0.506s] Installing controller script to /home/krzysiek/dev_ws/src/bieniek_gierulski/install/turtle_controller/lib/turtle_controller
[0.507s] writing list of installed files to '/home/krzysiek/dev_ws/src/bieniek_gierulski/build/turtle_controller/install.log'
[0.528s] Invoked command in '/home/krzysiek/dev_ws/src/bieniek_gierulski/turtle_controller' returned '0': PYTHONPATH=/home/krzysiek/dev_ws/src/bieniek_gierulski/install/turtle_controller/lib/python3.8/site-packages:${PYTHONPATH} /usr/bin/python3 setup.py egg_info --egg-base ../build/turtle_controller build --build-base /home/krzysiek/dev_ws/src/bieniek_gierulski/build/turtle_controller/build install --prefix /home/krzysiek/dev_ws/src/bieniek_gierulski/install/turtle_controller --record /home/krzysiek/dev_ws/src/bieniek_gierulski/build/turtle_controller/install.log --single-version-externally-managed
