[0.256s] Invoking command in '/home/krzysiek/dev_ws/src/bieniek_gierulski/build/urdf_tutorial': PYTHONPATH=/home/krzysiek/dev_ws/src/bieniek_gierulski/install/urdf_tutorial/lib/python3.8/site-packages:${PYTHONPATH} /usr/bin/python3 setup.py develop --prefix /home/krzysiek/dev_ws/src/bieniek_gierulski/install/urdf_tutorial --editable --build-directory /home/krzysiek/dev_ws/src/bieniek_gierulski/build/urdf_tutorial/build --no-deps install_data --install-dir /home/krzysiek/dev_ws/src/bieniek_gierulski/install/urdf_tutorial
[0.517s] running develop
[0.653s] running egg_info
[0.653s] creating urdf_tutorial.egg-info
[0.653s] writing urdf_tutorial.egg-info/PKG-INFO
[0.654s] writing dependency_links to urdf_tutorial.egg-info/dependency_links.txt
[0.654s] writing entry points to urdf_tutorial.egg-info/entry_points.txt
[0.654s] writing requirements to urdf_tutorial.egg-info/requires.txt
[0.654s] writing top-level names to urdf_tutorial.egg-info/top_level.txt
[0.655s] writing manifest file 'urdf_tutorial.egg-info/SOURCES.txt'
[0.683s] reading manifest file 'urdf_tutorial.egg-info/SOURCES.txt'
[0.684s] writing manifest file 'urdf_tutorial.egg-info/SOURCES.txt'
[0.880s] running build_ext
[0.891s] Creating /home/krzysiek/dev_ws/src/bieniek_gierulski/install/urdf_tutorial/lib/python3.8/site-packages/site.py
[0.893s] Creating /home/krzysiek/dev_ws/src/bieniek_gierulski/install/urdf_tutorial/lib/python3.8/site-packages/urdf-tutorial.egg-link (link to .)
[0.894s] Installing state_publisher script to /home/krzysiek/dev_ws/src/bieniek_gierulski/install/urdf_tutorial/lib/urdf_tutorial
[0.894s] 
[0.894s] Installed /home/krzysiek/dev_ws/src/bieniek_gierulski/build/urdf_tutorial
[0.894s] running install_data
[0.895s] creating /home/krzysiek/dev_ws/src/bieniek_gierulski/install/urdf_tutorial/share/ament_index
[0.895s] creating /home/krzysiek/dev_ws/src/bieniek_gierulski/install/urdf_tutorial/share/ament_index/resource_index
[0.895s] creating /home/krzysiek/dev_ws/src/bieniek_gierulski/install/urdf_tutorial/share/ament_index/resource_index/packages
[0.895s] copying resource/urdf_tutorial -> /home/krzysiek/dev_ws/src/bieniek_gierulski/install/urdf_tutorial/share/ament_index/resource_index/packages
[0.895s] copying package.xml -> /home/krzysiek/dev_ws/src/bieniek_gierulski/install/urdf_tutorial/share/urdf_tutorial
[0.895s] copying launch/demo.launch.py -> /home/krzysiek/dev_ws/src/bieniek_gierulski/install/urdf_tutorial/share/urdf_tutorial
[0.895s] copying urdf/r2d2.rviz -> /home/krzysiek/dev_ws/src/bieniek_gierulski/install/urdf_tutorial/share/urdf_tutorial
[0.895s] copying urdf/r2d2.urdf.xml -> /home/krzysiek/dev_ws/src/bieniek_gierulski/install/urdf_tutorial/share/urdf_tutorial
[0.923s] Invoked command in '/home/krzysiek/dev_ws/src/bieniek_gierulski/build/urdf_tutorial' returned '0': PYTHONPATH=/home/krzysiek/dev_ws/src/bieniek_gierulski/install/urdf_tutorial/lib/python3.8/site-packages:${PYTHONPATH} /usr/bin/python3 setup.py develop --prefix /home/krzysiek/dev_ws/src/bieniek_gierulski/install/urdf_tutorial --editable --build-directory /home/krzysiek/dev_ws/src/bieniek_gierulski/build/urdf_tutorial/build --no-deps install_data --install-dir /home/krzysiek/dev_ws/src/bieniek_gierulski/install/urdf_tutorial
