running develop
running egg_info
creating turtle_controller.egg-info
writing turtle_controller.egg-info/PKG-INFO
writing dependency_links to turtle_controller.egg-info/dependency_links.txt
writing entry points to turtle_controller.egg-info/entry_points.txt
writing requirements to turtle_controller.egg-info/requires.txt
writing top-level names to turtle_controller.egg-info/top_level.txt
writing manifest file 'turtle_controller.egg-info/SOURCES.txt'
reading manifest file 'turtle_controller.egg-info/SOURCES.txt'
writing manifest file 'turtle_controller.egg-info/SOURCES.txt'
running build_ext
Creating /home/krzysiek/dev_ws/src/bieniek_gierulski/install/turtle_controller/lib/python3.8/site-packages/site.py
Creating /home/krzysiek/dev_ws/src/bieniek_gierulski/install/turtle_controller/lib/python3.8/site-packages/turtle-controller.egg-link (link to .)
Installing controller script to /home/krzysiek/dev_ws/src/bieniek_gierulski/install/turtle_controller/lib/turtle_controller

Installed /home/krzysiek/dev_ws/src/bieniek_gierulski/build/turtle_controller
running install_data
creating /home/krzysiek/dev_ws/src/bieniek_gierulski/install/turtle_controller/share/ament_index
creating /home/krzysiek/dev_ws/src/bieniek_gierulski/install/turtle_controller/share/ament_index/resource_index
creating /home/krzysiek/dev_ws/src/bieniek_gierulski/install/turtle_controller/share/ament_index/resource_index/packages
copying resource/turtle_controller -> /home/krzysiek/dev_ws/src/bieniek_gierulski/install/turtle_controller/share/ament_index/resource_index/packages
copying package.xml -> /home/krzysiek/dev_ws/src/bieniek_gierulski/install/turtle_controller/share/turtle_controller
