[0.270s] Invoking command in '/home/krzysiek/dev_ws/src/bieniek_gierulski/build/turtle_controller': PYTHONPATH=/home/krzysiek/dev_ws/src/bieniek_gierulski/install/turtle_controller/lib/python3.8/site-packages:${PYTHONPATH} /usr/bin/python3 setup.py develop --prefix /home/krzysiek/dev_ws/src/bieniek_gierulski/install/turtle_controller --editable --build-directory /home/krzysiek/dev_ws/src/bieniek_gierulski/build/turtle_controller/build --no-deps install_data --install-dir /home/krzysiek/dev_ws/src/bieniek_gierulski/install/turtle_controller
[0.519s] running develop
[0.654s] running egg_info
[0.654s] creating turtle_controller.egg-info
[0.654s] writing turtle_controller.egg-info/PKG-INFO
[0.654s] writing dependency_links to turtle_controller.egg-info/dependency_links.txt
[0.654s] writing entry points to turtle_controller.egg-info/entry_points.txt
[0.654s] writing requirements to turtle_controller.egg-info/requires.txt
[0.654s] writing top-level names to turtle_controller.egg-info/top_level.txt
[0.656s] writing manifest file 'turtle_controller.egg-info/SOURCES.txt'
[0.685s] reading manifest file 'turtle_controller.egg-info/SOURCES.txt'
[0.686s] writing manifest file 'turtle_controller.egg-info/SOURCES.txt'
[0.724s] running build_ext
[0.724s] Creating /home/krzysiek/dev_ws/src/bieniek_gierulski/install/turtle_controller/lib/python3.8/site-packages/site.py
[0.727s] Creating /home/krzysiek/dev_ws/src/bieniek_gierulski/install/turtle_controller/lib/python3.8/site-packages/turtle-controller.egg-link (link to .)
[0.727s] Installing controller script to /home/krzysiek/dev_ws/src/bieniek_gierulski/install/turtle_controller/lib/turtle_controller
[0.728s] 
[0.728s] Installed /home/krzysiek/dev_ws/src/bieniek_gierulski/build/turtle_controller
[0.728s] running install_data
[0.728s] creating /home/krzysiek/dev_ws/src/bieniek_gierulski/install/turtle_controller/share/ament_index
[0.728s] creating /home/krzysiek/dev_ws/src/bieniek_gierulski/install/turtle_controller/share/ament_index/resource_index
[0.728s] creating /home/krzysiek/dev_ws/src/bieniek_gierulski/install/turtle_controller/share/ament_index/resource_index/packages
[0.729s] copying resource/turtle_controller -> /home/krzysiek/dev_ws/src/bieniek_gierulski/install/turtle_controller/share/ament_index/resource_index/packages
[0.729s] copying package.xml -> /home/krzysiek/dev_ws/src/bieniek_gierulski/install/turtle_controller/share/turtle_controller
[0.758s] Invoked command in '/home/krzysiek/dev_ws/src/bieniek_gierulski/build/turtle_controller' returned '0': PYTHONPATH=/home/krzysiek/dev_ws/src/bieniek_gierulski/install/turtle_controller/lib/python3.8/site-packages:${PYTHONPATH} /usr/bin/python3 setup.py develop --prefix /home/krzysiek/dev_ws/src/bieniek_gierulski/install/turtle_controller --editable --build-directory /home/krzysiek/dev_ws/src/bieniek_gierulski/build/turtle_controller/build --no-deps install_data --install-dir /home/krzysiek/dev_ws/src/bieniek_gierulski/install/turtle_controller
