[0.181s] DEBUG:colcon:Command line arguments: ['/usr/bin/colcon', 'build', '--symlink-install', '--packages-select', 'urdf_tutorial']
[0.181s] DEBUG:colcon:Parsed command line arguments: Namespace(ament_cmake_args=None, base_paths=['.'], build_base='build', catkin_cmake_args=None, catkin_skip_building_tests=False, cmake_args=None, cmake_clean_cache=False, cmake_clean_first=False, cmake_force_configure=False, cmake_target=None, cmake_target_skip_unavailable=False, continue_on_error=False, event_handlers=None, executor='parallel', ignore_user_meta=False, install_base='install', log_base=None, log_level=None, main=<bound method BuildVerb.main of <colcon_core.verb.build.BuildVerb object at 0x7f26d8d04d60>>, merge_install=False, metas=['./colcon.meta'], packages_above=None, packages_above_and_dependencies=None, packages_above_depth=None, packages_end=None, packages_ignore=None, packages_ignore_regex=None, packages_select=['urdf_tutorial'], packages_select_build_failed=False, packages_select_by_dep=None, packages_select_regex=None, packages_select_test_failures=False, packages_skip=None, packages_skip_build_finished=False, packages_skip_by_dep=None, packages_skip_regex=None, packages_skip_test_passed=False, packages_skip_up_to=None, packages_start=None, packages_up_to=None, packages_up_to_regex=None, parallel_workers=4, paths=None, symlink_install=True, test_result_base=None, verb_extension=<colcon_core.verb.build.BuildVerb object at 0x7f26d8d04d60>, verb_name='build', verb_parser=<colcon_defaults.argument_parser.defaults.DefaultArgumentsDecorator object at 0x7f26d8d11310>)
[0.187s] Level 1:colcon.colcon_core.package_discovery:discover_packages(colcon_meta) check parameters
[0.187s] Level 1:colcon.colcon_core.package_discovery:discover_packages(recursive) check parameters
[0.187s] Level 1:colcon.colcon_core.package_discovery:discover_packages(ignore) check parameters
[0.188s] Level 1:colcon.colcon_core.package_discovery:discover_packages(path) check parameters
[0.188s] Level 1:colcon.colcon_core.package_discovery:discover_packages(colcon_meta) discover
[0.188s] Level 1:colcon.colcon_core.package_discovery:discover_packages(recursive) discover
[0.188s] INFO:colcon.colcon_core.package_discovery:Crawling recursively for packages in '/home/krzysiek/dev_ws/src/bieniek_gierulski'
[0.188s] Level 1:colcon.colcon_core.package_identification:_identify(.) by extensions ['ignore', 'ignore_ament_install']
[0.188s] Level 1:colcon.colcon_core.package_identification:_identify(.) by extension 'ignore'
[0.188s] Level 1:colcon.colcon_core.package_identification:_identify(.) by extension 'ignore_ament_install'
[0.188s] Level 1:colcon.colcon_core.package_identification:_identify(.) by extensions ['colcon_pkg']
[0.188s] Level 1:colcon.colcon_core.package_identification:_identify(.) by extension 'colcon_pkg'
[0.188s] Level 1:colcon.colcon_core.package_identification:_identify(.) by extensions ['colcon_meta']
[0.188s] Level 1:colcon.colcon_core.package_identification:_identify(.) by extension 'colcon_meta'
[0.188s] Level 1:colcon.colcon_core.package_identification:_identify(.) by extensions ['ros']
[0.188s] Level 1:colcon.colcon_core.package_identification:_identify(.) by extension 'ros'
[0.201s] Level 1:colcon.colcon_core.package_identification:_identify(.) by extensions ['cmake', 'python']
[0.201s] Level 1:colcon.colcon_core.package_identification:_identify(.) by extension 'cmake'
[0.201s] Level 1:colcon.colcon_core.package_identification:_identify(.) by extension 'python'
[0.201s] Level 1:colcon.colcon_core.package_identification:_identify(.) by extensions ['python_setup_py']
[0.201s] Level 1:colcon.colcon_core.package_identification:_identify(.) by extension 'python_setup_py'
[0.201s] Level 1:colcon.colcon_core.package_identification:_identify(build) by extensions ['ignore', 'ignore_ament_install']
[0.201s] Level 1:colcon.colcon_core.package_identification:_identify(build) by extension 'ignore'
[0.201s] Level 1:colcon.colcon_core.package_identification:_identify(build) ignored
[0.201s] Level 1:colcon.colcon_core.package_identification:_identify(install) by extensions ['ignore', 'ignore_ament_install']
[0.202s] Level 1:colcon.colcon_core.package_identification:_identify(install) by extension 'ignore'
[0.202s] Level 1:colcon.colcon_core.package_identification:_identify(install) ignored
[0.202s] Level 1:colcon.colcon_core.package_identification:_identify(log) by extensions ['ignore', 'ignore_ament_install']
[0.202s] Level 1:colcon.colcon_core.package_identification:_identify(log) by extension 'ignore'
[0.202s] Level 1:colcon.colcon_core.package_identification:_identify(log) ignored
[0.202s] Level 1:colcon.colcon_core.package_identification:_identify(sss) by extensions ['ignore', 'ignore_ament_install']
[0.202s] Level 1:colcon.colcon_core.package_identification:_identify(sss) by extension 'ignore'
[0.202s] Level 1:colcon.colcon_core.package_identification:_identify(sss) by extension 'ignore_ament_install'
[0.202s] Level 1:colcon.colcon_core.package_identification:_identify(sss) by extensions ['colcon_pkg']
[0.202s] Level 1:colcon.colcon_core.package_identification:_identify(sss) by extension 'colcon_pkg'
[0.202s] Level 1:colcon.colcon_core.package_identification:_identify(sss) by extensions ['colcon_meta']
[0.202s] Level 1:colcon.colcon_core.package_identification:_identify(sss) by extension 'colcon_meta'
[0.203s] Level 1:colcon.colcon_core.package_identification:_identify(sss) by extensions ['ros']
[0.203s] Level 1:colcon.colcon_core.package_identification:_identify(sss) by extension 'ros'
[0.203s] Level 1:colcon.colcon_core.package_identification:_identify(sss) by extensions ['cmake', 'python']
[0.203s] Level 1:colcon.colcon_core.package_identification:_identify(sss) by extension 'cmake'
[0.203s] Level 1:colcon.colcon_core.package_identification:_identify(sss) by extension 'python'
[0.203s] Level 1:colcon.colcon_core.package_identification:_identify(sss) by extensions ['python_setup_py']
[0.203s] Level 1:colcon.colcon_core.package_identification:_identify(sss) by extension 'python_setup_py'
[0.203s] Level 1:colcon.colcon_core.package_identification:_identify(turtle_controller) by extensions ['ignore', 'ignore_ament_install']
[0.203s] Level 1:colcon.colcon_core.package_identification:_identify(turtle_controller) by extension 'ignore'
[0.203s] Level 1:colcon.colcon_core.package_identification:_identify(turtle_controller) by extension 'ignore_ament_install'
[0.203s] Level 1:colcon.colcon_core.package_identification:_identify(turtle_controller) by extensions ['colcon_pkg']
[0.203s] Level 1:colcon.colcon_core.package_identification:_identify(turtle_controller) by extension 'colcon_pkg'
[0.203s] Level 1:colcon.colcon_core.package_identification:_identify(turtle_controller) by extensions ['colcon_meta']
[0.203s] Level 1:colcon.colcon_core.package_identification:_identify(turtle_controller) by extension 'colcon_meta'
[0.203s] Level 1:colcon.colcon_core.package_identification:_identify(turtle_controller) by extensions ['ros']
[0.203s] Level 1:colcon.colcon_core.package_identification:_identify(turtle_controller) by extension 'ros'
[0.207s] DEBUG:colcon.colcon_core.package_identification:Package 'turtle_controller' with type 'ros.ament_python' and name 'turtle_controller'
[0.207s] Level 1:colcon.colcon_core.package_identification:_identify(urdf_move) by extensions ['ignore', 'ignore_ament_install']
[0.207s] Level 1:colcon.colcon_core.package_identification:_identify(urdf_move) by extension 'ignore'
[0.208s] Level 1:colcon.colcon_core.package_identification:_identify(urdf_move) by extension 'ignore_ament_install'
[0.208s] Level 1:colcon.colcon_core.package_identification:_identify(urdf_move) by extensions ['colcon_pkg']
[0.208s] Level 1:colcon.colcon_core.package_identification:_identify(urdf_move) by extension 'colcon_pkg'
[0.208s] Level 1:colcon.colcon_core.package_identification:_identify(urdf_move) by extensions ['colcon_meta']
[0.208s] Level 1:colcon.colcon_core.package_identification:_identify(urdf_move) by extension 'colcon_meta'
[0.208s] Level 1:colcon.colcon_core.package_identification:_identify(urdf_move) by extensions ['ros']
[0.208s] Level 1:colcon.colcon_core.package_identification:_identify(urdf_move) by extension 'ros'
[0.209s] DEBUG:colcon.colcon_core.package_identification:Package 'urdf_move' with type 'ros.ament_python' and name 'urdf_move'
[0.209s] Level 1:colcon.colcon_core.package_identification:_identify(urdf_tutorial) by extensions ['ignore', 'ignore_ament_install']
[0.209s] Level 1:colcon.colcon_core.package_identification:_identify(urdf_tutorial) by extension 'ignore'
[0.209s] Level 1:colcon.colcon_core.package_identification:_identify(urdf_tutorial) by extension 'ignore_ament_install'
[0.209s] Level 1:colcon.colcon_core.package_identification:_identify(urdf_tutorial) by extensions ['colcon_pkg']
[0.209s] Level 1:colcon.colcon_core.package_identification:_identify(urdf_tutorial) by extension 'colcon_pkg'
[0.209s] Level 1:colcon.colcon_core.package_identification:_identify(urdf_tutorial) by extensions ['colcon_meta']
[0.209s] Level 1:colcon.colcon_core.package_identification:_identify(urdf_tutorial) by extension 'colcon_meta'
[0.209s] Level 1:colcon.colcon_core.package_identification:_identify(urdf_tutorial) by extensions ['ros']
[0.209s] Level 1:colcon.colcon_core.package_identification:_identify(urdf_tutorial) by extension 'ros'
[0.210s] DEBUG:colcon.colcon_core.package_identification:Package 'urdf_tutorial' with type 'ros.ament_python' and name 'urdf_tutorial'
[0.210s] Level 1:colcon.colcon_core.package_discovery:discover_packages(recursive) using defaults
[0.210s] Level 1:colcon.colcon_core.package_discovery:discover_packages(ignore) discover
[0.210s] Level 1:colcon.colcon_core.package_discovery:discover_packages(ignore) using defaults
[0.210s] Level 1:colcon.colcon_core.package_discovery:discover_packages(path) discover
[0.210s] Level 1:colcon.colcon_core.package_discovery:discover_packages(path) using defaults
[0.231s] INFO:colcon.colcon_core.package_selection:Skipping not selected package 'turtle_controller' in 'turtle_controller'
[0.231s] INFO:colcon.colcon_core.package_selection:Skipping not selected package 'urdf_move' in 'urdf_move'
[0.234s] Level 5:colcon.colcon_core.verb:set package 'urdf_tutorial' build argument 'cmake_args' from command line to 'None'
[0.234s] Level 5:colcon.colcon_core.verb:set package 'urdf_tutorial' build argument 'cmake_target' from command line to 'None'
[0.234s] Level 5:colcon.colcon_core.verb:set package 'urdf_tutorial' build argument 'cmake_target_skip_unavailable' from command line to 'False'
[0.234s] Level 5:colcon.colcon_core.verb:set package 'urdf_tutorial' build argument 'cmake_clean_cache' from command line to 'False'
[0.234s] Level 5:colcon.colcon_core.verb:set package 'urdf_tutorial' build argument 'cmake_clean_first' from command line to 'False'
[0.234s] Level 5:colcon.colcon_core.verb:set package 'urdf_tutorial' build argument 'cmake_force_configure' from command line to 'False'
[0.234s] Level 5:colcon.colcon_core.verb:set package 'urdf_tutorial' build argument 'ament_cmake_args' from command line to 'None'
[0.234s] Level 5:colcon.colcon_core.verb:set package 'urdf_tutorial' build argument 'catkin_cmake_args' from command line to 'None'
[0.234s] Level 5:colcon.colcon_core.verb:set package 'urdf_tutorial' build argument 'catkin_skip_building_tests' from command line to 'False'
[0.234s] DEBUG:colcon.colcon_core.verb:Building package 'urdf_tutorial' with the following arguments: {'ament_cmake_args': None, 'build_base': '/home/krzysiek/dev_ws/src/bieniek_gierulski/build/urdf_tutorial', 'catkin_cmake_args': None, 'catkin_skip_building_tests': False, 'cmake_args': None, 'cmake_clean_cache': False, 'cmake_clean_first': False, 'cmake_force_configure': False, 'cmake_target': None, 'cmake_target_skip_unavailable': False, 'install_base': '/home/krzysiek/dev_ws/src/bieniek_gierulski/install/urdf_tutorial', 'merge_install': False, 'path': '/home/krzysiek/dev_ws/src/bieniek_gierulski/urdf_tutorial', 'symlink_install': True, 'test_result_base': None}
[0.234s] INFO:colcon.colcon_core.executor:Executing jobs using 'parallel' executor
[0.236s] DEBUG:colcon.colcon_parallel_executor.executor.parallel:run_until_complete
[0.237s] INFO:colcon.colcon_ros.task.ament_python.build:Building ROS package in '/home/krzysiek/dev_ws/src/bieniek_gierulski/urdf_tutorial' with build type 'ament_python'
[0.237s] Level 1:colcon.colcon_core.shell:create_environment_hook('urdf_tutorial', 'ament_prefix_path')
[0.241s] INFO:colcon.colcon_core.plugin_system:Skipping extension 'colcon_core.shell.bat': Not used on non-Windows systems
[0.241s] INFO:colcon.colcon_core.shell:Creating environment hook '/home/krzysiek/dev_ws/src/bieniek_gierulski/install/urdf_tutorial/share/urdf_tutorial/hook/ament_prefix_path.ps1'
[0.242s] INFO:colcon.colcon_core.shell:Creating environment descriptor '/home/krzysiek/dev_ws/src/bieniek_gierulski/install/urdf_tutorial/share/urdf_tutorial/hook/ament_prefix_path.dsv'
[0.242s] INFO:colcon.colcon_core.shell:Creating environment hook '/home/krzysiek/dev_ws/src/bieniek_gierulski/install/urdf_tutorial/share/urdf_tutorial/hook/ament_prefix_path.sh'
[0.243s] INFO:colcon.colcon_core.shell:Skip shell extension 'powershell' for command environment: Not usable outside of PowerShell
[0.244s] DEBUG:colcon.colcon_core.shell:Skip shell extension 'dsv' for command environment
[0.247s] DEBUG:colcon.colcon_core.shell:Ignoring prefix path '/opt/ros/foxy'
[0.522s] INFO:colcon.colcon_core.task.python.build:Building Python package in '/home/krzysiek/dev_ws/src/bieniek_gierulski/urdf_tutorial'
[0.523s] INFO:colcon.colcon_core.shell:Skip shell extension 'powershell' for command environment: Not usable outside of PowerShell
[0.523s] DEBUG:colcon.colcon_core.shell:Skip shell extension 'dsv' for command environment
[0.525s] DEBUG:colcon.colcon_core.shell:Ignoring prefix path '/opt/ros/foxy'
[0.532s] DEBUG:colcon.colcon_core.event_handler.log_command:Invoking command in '/home/krzysiek/dev_ws/src/bieniek_gierulski/build/urdf_tutorial': PYTHONPATH=/home/krzysiek/dev_ws/src/bieniek_gierulski/install/urdf_tutorial/lib/python3.8/site-packages:${PYTHONPATH} /usr/bin/python3 setup.py develop --prefix /home/krzysiek/dev_ws/src/bieniek_gierulski/install/urdf_tutorial --editable --build-directory /home/krzysiek/dev_ws/src/bieniek_gierulski/build/urdf_tutorial/build --no-deps install_data --install-dir /home/krzysiek/dev_ws/src/bieniek_gierulski/install/urdf_tutorial
[1.065s] Level 1:colcon.colcon_core.shell:create_environment_hook('urdf_tutorial', 'pythonpath_develop')
[1.066s] DEBUG:colcon.colcon_core.event_handler.log_command:Invoked command in '/home/krzysiek/dev_ws/src/bieniek_gierulski/build/urdf_tutorial' returned '0': PYTHONPATH=/home/krzysiek/dev_ws/src/bieniek_gierulski/install/urdf_tutorial/lib/python3.8/site-packages:${PYTHONPATH} /usr/bin/python3 setup.py develop --prefix /home/krzysiek/dev_ws/src/bieniek_gierulski/install/urdf_tutorial --editable --build-directory /home/krzysiek/dev_ws/src/bieniek_gierulski/build/urdf_tutorial/build --no-deps install_data --install-dir /home/krzysiek/dev_ws/src/bieniek_gierulski/install/urdf_tutorial
[1.067s] INFO:colcon.colcon_core.shell:Creating environment hook '/home/krzysiek/dev_ws/src/bieniek_gierulski/build/urdf_tutorial/share/urdf_tutorial/hook/pythonpath_develop.ps1'
[1.068s] INFO:colcon.colcon_core.shell:Creating environment descriptor '/home/krzysiek/dev_ws/src/bieniek_gierulski/build/urdf_tutorial/share/urdf_tutorial/hook/pythonpath_develop.dsv'
[1.068s] INFO:colcon.colcon_core.shell:Creating environment hook '/home/krzysiek/dev_ws/src/bieniek_gierulski/build/urdf_tutorial/share/urdf_tutorial/hook/pythonpath_develop.sh'
[1.072s] Level 1:colcon.colcon_core.environment:checking '/home/krzysiek/dev_ws/src/bieniek_gierulski/install/urdf_tutorial' for CMake module files
[1.072s] Level 1:colcon.colcon_core.environment:checking '/home/krzysiek/dev_ws/src/bieniek_gierulski/install/urdf_tutorial' for CMake config files
[1.073s] Level 1:colcon.colcon_core.environment:checking '/home/krzysiek/dev_ws/src/bieniek_gierulski/install/urdf_tutorial/lib'
[1.073s] Level 1:colcon.colcon_core.environment:checking '/home/krzysiek/dev_ws/src/bieniek_gierulski/install/urdf_tutorial/bin'
[1.074s] Level 1:colcon.colcon_core.environment:checking '/home/krzysiek/dev_ws/src/bieniek_gierulski/install/urdf_tutorial/lib/pkgconfig/urdf_tutorial.pc'
[1.074s] Level 1:colcon.colcon_core.environment:checking '/home/krzysiek/dev_ws/src/bieniek_gierulski/install/urdf_tutorial/lib/python3.8/site-packages'
[1.074s] Level 1:colcon.colcon_core.shell:create_environment_hook('urdf_tutorial', 'pythonpath')
[1.074s] INFO:colcon.colcon_core.shell:Creating environment hook '/home/krzysiek/dev_ws/src/bieniek_gierulski/install/urdf_tutorial/share/urdf_tutorial/hook/pythonpath.ps1'
[1.075s] INFO:colcon.colcon_core.shell:Creating environment descriptor '/home/krzysiek/dev_ws/src/bieniek_gierulski/install/urdf_tutorial/share/urdf_tutorial/hook/pythonpath.dsv'
[1.075s] INFO:colcon.colcon_core.shell:Creating environment hook '/home/krzysiek/dev_ws/src/bieniek_gierulski/install/urdf_tutorial/share/urdf_tutorial/hook/pythonpath.sh'
[1.076s] Level 1:colcon.colcon_core.environment:create_environment_scripts_only(urdf_tutorial)
[1.077s] INFO:colcon.colcon_core.shell:Creating package script '/home/krzysiek/dev_ws/src/bieniek_gierulski/install/urdf_tutorial/share/urdf_tutorial/package.ps1'
[1.078s] INFO:colcon.colcon_core.shell:Creating package descriptor '/home/krzysiek/dev_ws/src/bieniek_gierulski/install/urdf_tutorial/share/urdf_tutorial/package.dsv'
[1.078s] INFO:colcon.colcon_core.shell:Creating package script '/home/krzysiek/dev_ws/src/bieniek_gierulski/install/urdf_tutorial/share/urdf_tutorial/package.sh'
[1.079s] INFO:colcon.colcon_core.shell:Creating package script '/home/krzysiek/dev_ws/src/bieniek_gierulski/install/urdf_tutorial/share/urdf_tutorial/package.bash'
[1.080s] INFO:colcon.colcon_core.shell:Creating package script '/home/krzysiek/dev_ws/src/bieniek_gierulski/install/urdf_tutorial/share/urdf_tutorial/package.zsh'
[1.081s] Level 1:colcon.colcon_core.environment:create_file_with_runtime_dependencies(/home/krzysiek/dev_ws/src/bieniek_gierulski/install/urdf_tutorial/share/colcon-core/packages/urdf_tutorial)
[1.082s] DEBUG:colcon.colcon_parallel_executor.executor.parallel:closing loop
[1.082s] DEBUG:colcon.colcon_parallel_executor.executor.parallel:loop closed
[1.082s] DEBUG:colcon.colcon_parallel_executor.executor.parallel:run_until_complete finished with '0'
[1.082s] DEBUG:colcon.colcon_core.event_reactor:joining thread
[1.090s] INFO:colcon.colcon_core.plugin_system:Skipping extension 'colcon_notification.desktop_notification.terminal_notifier': Not used on non-Darwin systems
[1.090s] INFO:colcon.colcon_core.plugin_system:Skipping extension 'colcon_notification.desktop_notification.win32': Not used on non-Windows systems
[1.090s] INFO:colcon.colcon_notification.desktop_notification:Sending desktop notification using 'notify2'
[1.112s] DEBUG:colcon.colcon_core.event_reactor:joined thread
[1.112s] INFO:colcon.colcon_core.shell:Creating prefix script '/home/krzysiek/dev_ws/src/bieniek_gierulski/install/local_setup.ps1'
[1.114s] INFO:colcon.colcon_core.shell:Creating prefix util module '/home/krzysiek/dev_ws/src/bieniek_gierulski/install/_local_setup_util_ps1.py'
[1.115s] INFO:colcon.colcon_core.shell:Creating prefix chain script '/home/krzysiek/dev_ws/src/bieniek_gierulski/install/setup.ps1'
[1.118s] INFO:colcon.colcon_core.shell:Creating prefix script '/home/krzysiek/dev_ws/src/bieniek_gierulski/install/local_setup.sh'
[1.118s] INFO:colcon.colcon_core.shell:Creating prefix util module '/home/krzysiek/dev_ws/src/bieniek_gierulski/install/_local_setup_util_sh.py'
[1.119s] INFO:colcon.colcon_core.shell:Creating prefix chain script '/home/krzysiek/dev_ws/src/bieniek_gierulski/install/setup.sh'
[1.121s] INFO:colcon.colcon_core.shell:Creating prefix script '/home/krzysiek/dev_ws/src/bieniek_gierulski/install/local_setup.bash'
[1.122s] INFO:colcon.colcon_core.shell:Creating prefix chain script '/home/krzysiek/dev_ws/src/bieniek_gierulski/install/setup.bash'
[1.125s] INFO:colcon.colcon_core.shell:Creating prefix script '/home/krzysiek/dev_ws/src/bieniek_gierulski/install/local_setup.zsh'
[1.125s] INFO:colcon.colcon_core.shell:Creating prefix chain script '/home/krzysiek/dev_ws/src/bieniek_gierulski/install/setup.zsh'
