[0.259s] Invoking command in '/home/krzysiek/dev_ws/src/bieniek_gierulski/build/turtle_controller': PYTHONPATH=/home/krzysiek/dev_ws/src/bieniek_gierulski/install/turtle_controller/lib/python3.8/site-packages:${PYTHONPATH} /usr/bin/python3 setup.py develop --prefix /home/krzysiek/dev_ws/src/bieniek_gierulski/install/turtle_controller --editable --build-directory /home/krzysiek/dev_ws/src/bieniek_gierulski/build/turtle_controller/build --no-deps install_data --install-dir /home/krzysiek/dev_ws/src/bieniek_gierulski/install/turtle_controller
[0.501s] running develop
[0.635s] running egg_info
[0.635s] creating turtle_controller.egg-info
[0.636s] writing turtle_controller.egg-info/PKG-INFO
[0.636s] writing dependency_links to turtle_controller.egg-info/dependency_links.txt
[0.636s] writing entry points to turtle_controller.egg-info/entry_points.txt
[0.636s] writing requirements to turtle_controller.egg-info/requires.txt
[0.636s] writing top-level names to turtle_controller.egg-info/top_level.txt
[0.637s] writing manifest file 'turtle_controller.egg-info/SOURCES.txt'
[0.667s] reading manifest file 'turtle_controller.egg-info/SOURCES.txt'
[0.668s] writing manifest file 'turtle_controller.egg-info/SOURCES.txt'
[0.704s] running build_ext
[0.704s] Creating /home/krzysiek/dev_ws/src/bieniek_gierulski/install/turtle_controller/lib/python3.8/site-packages/site.py
[0.707s] Creating /home/krzysiek/dev_ws/src/bieniek_gierulski/install/turtle_controller/lib/python3.8/site-packages/turtle-controller.egg-link (link to .)
[0.707s] Installing controller script to /home/krzysiek/dev_ws/src/bieniek_gierulski/install/turtle_controller/lib/turtle_controller
[0.708s] 
[0.708s] Installed /home/krzysiek/dev_ws/src/bieniek_gierulski/build/turtle_controller
[0.708s] running install_data
[0.708s] creating /home/krzysiek/dev_ws/src/bieniek_gierulski/install/turtle_controller/share/ament_index
[0.708s] creating /home/krzysiek/dev_ws/src/bieniek_gierulski/install/turtle_controller/share/ament_index/resource_index
[0.708s] creating /home/krzysiek/dev_ws/src/bieniek_gierulski/install/turtle_controller/share/ament_index/resource_index/packages
[0.708s] copying resource/turtle_controller -> /home/krzysiek/dev_ws/src/bieniek_gierulski/install/turtle_controller/share/ament_index/resource_index/packages
[0.708s] copying package.xml -> /home/krzysiek/dev_ws/src/bieniek_gierulski/install/turtle_controller/share/turtle_controller
[0.739s] Invoked command in '/home/krzysiek/dev_ws/src/bieniek_gierulski/build/turtle_controller' returned '0': PYTHONPATH=/home/krzysiek/dev_ws/src/bieniek_gierulski/install/turtle_controller/lib/python3.8/site-packages:${PYTHONPATH} /usr/bin/python3 setup.py develop --prefix /home/krzysiek/dev_ws/src/bieniek_gierulski/install/turtle_controller --editable --build-directory /home/krzysiek/dev_ws/src/bieniek_gierulski/build/turtle_controller/build --no-deps install_data --install-dir /home/krzysiek/dev_ws/src/bieniek_gierulski/install/turtle_controller
