running egg_info
creating build/turtle_controller/turtle_controller.egg-info
writing build/turtle_controller/turtle_controller.egg-info/PKG-INFO
writing dependency_links to build/turtle_controller/turtle_controller.egg-info/dependency_links.txt
writing entry points to build/turtle_controller/turtle_controller.egg-info/entry_points.txt
writing requirements to build/turtle_controller/turtle_controller.egg-info/requires.txt
writing top-level names to build/turtle_controller/turtle_controller.egg-info/top_level.txt
writing manifest file 'build/turtle_controller/turtle_controller.egg-info/SOURCES.txt'
reading manifest file 'build/turtle_controller/turtle_controller.egg-info/SOURCES.txt'
writing manifest file 'build/turtle_controller/turtle_controller.egg-info/SOURCES.txt'
running build
running build_py
creating /home/krzysiek/dev_ws/src/bieniek_gierulski/turtle_controller/build/turtle_controller/build
creating /home/krzysiek/dev_ws/src/bieniek_gierulski/turtle_controller/build/turtle_controller/build/lib
creating /home/krzysiek/dev_ws/src/bieniek_gierulski/turtle_controller/build/turtle_controller/build/lib/turtle_controller
copying turtle_controller/__init__.py -> /home/krzysiek/dev_ws/src/bieniek_gierulski/turtle_controller/build/turtle_controller/build/lib/turtle_controller
copying turtle_controller/controller.py -> /home/krzysiek/dev_ws/src/bieniek_gierulski/turtle_controller/build/turtle_controller/build/lib/turtle_controller
running install
running install_lib
creating /home/krzysiek/dev_ws/src/bieniek_gierulski/turtle_controller/install/turtle_controller/lib/python3.8/site-packages/turtle_controller
copying /home/krzysiek/dev_ws/src/bieniek_gierulski/turtle_controller/build/turtle_controller/build/lib/turtle_controller/__init__.py -> /home/krzysiek/dev_ws/src/bieniek_gierulski/turtle_controller/install/turtle_controller/lib/python3.8/site-packages/turtle_controller
copying /home/krzysiek/dev_ws/src/bieniek_gierulski/turtle_controller/build/turtle_controller/build/lib/turtle_controller/controller.py -> /home/krzysiek/dev_ws/src/bieniek_gierulski/turtle_controller/install/turtle_controller/lib/python3.8/site-packages/turtle_controller
byte-compiling /home/krzysiek/dev_ws/src/bieniek_gierulski/turtle_controller/install/turtle_controller/lib/python3.8/site-packages/turtle_controller/__init__.py to __init__.cpython-38.pyc
byte-compiling /home/krzysiek/dev_ws/src/bieniek_gierulski/turtle_controller/install/turtle_controller/lib/python3.8/site-packages/turtle_controller/controller.py to controller.cpython-38.pyc
running install_data
creating /home/krzysiek/dev_ws/src/bieniek_gierulski/turtle_controller/install/turtle_controller/share/ament_index
creating /home/krzysiek/dev_ws/src/bieniek_gierulski/turtle_controller/install/turtle_controller/share/ament_index/resource_index
creating /home/krzysiek/dev_ws/src/bieniek_gierulski/turtle_controller/install/turtle_controller/share/ament_index/resource_index/packages
copying resource/turtle_controller -> /home/krzysiek/dev_ws/src/bieniek_gierulski/turtle_controller/install/turtle_controller/share/ament_index/resource_index/packages
copying package.xml -> /home/krzysiek/dev_ws/src/bieniek_gierulski/turtle_controller/install/turtle_controller/share/turtle_controller
running install_egg_info
Copying build/turtle_controller/turtle_controller.egg-info to /home/krzysiek/dev_ws/src/bieniek_gierulski/turtle_controller/install/turtle_controller/lib/python3.8/site-packages/turtle_controller-0.0.0-py3.8.egg-info
running install_scripts
Installing controller script to /home/krzysiek/dev_ws/src/bieniek_gierulski/turtle_controller/install/turtle_controller/lib/turtle_controller
writing list of installed files to '/home/krzysiek/dev_ws/src/bieniek_gierulski/turtle_controller/build/turtle_controller/install.log'
